<?xml version="1.0" encoding="UTF-8"?>
<testng-results ignored="0" total="1" passed="1" failed="0" skipped="0">
  <reporter-output>
  </reporter-output>
  <suite started-at="2021-01-07T09:01:43 IST" name="Default suite" finished-at="2021-01-07T09:01:57 IST" duration-ms="14682">
    <groups>
    </groups>
    <test started-at="2021-01-07T09:01:43 IST" name="Default test" finished-at="2021-01-07T09:01:57 IST" duration-ms="14682">
      <class name="rahultest.ExtentReports.ExtentReportDemo">
        <test-method is-config="true" signature="config()[pri:0, instance:rahultest.ExtentReports.ExtentReportDemo@52102734]" started-at="2021-01-07T09:01:43 IST" name="config" finished-at="2021-01-07T09:01:43 IST" duration-ms="506" status="PASS">
          <reporter-output>
          </reporter-output>
        </test-method> <!-- config -->
        <test-method signature="initialDemo()[pri:0, instance:rahultest.ExtentReports.ExtentReportDemo@52102734]" started-at="2021-01-07T09:01:43 IST" name="initialDemo" finished-at="2021-01-07T09:01:57 IST" duration-ms="14118" status="PASS">
          <reporter-output>
          </reporter-output>
        </test-method> <!-- initialDemo -->
      </class> <!-- rahultest.ExtentReports.ExtentReportDemo -->
    </test> <!-- Default test -->
  </suite> <!-- Default suite -->
</testng-results>
