<?xml version="1.0" encoding="UTF-8"?>
<testng-results ignored="0" total="2" passed="2" failed="0" skipped="0">
  <reporter-output>
  </reporter-output>
  <suite started-at="2021-04-10T08:10:39 IST" name="Default suite" finished-at="2021-04-10T08:11:24 IST" duration-ms="44620">
    <groups>
    </groups>
    <test started-at="2021-04-10T08:10:39 IST" name="Default test" finished-at="2021-04-10T08:11:24 IST" duration-ms="44620">
      <class name="Academy.HomePage">
        <test-method is-config="true" signature="initialize()[pri:0, instance:Academy.HomePage@37efd131]" started-at="2021-04-10T08:10:39 IST" name="initialize" finished-at="2021-04-10T08:10:54 IST" duration-ms="15139" status="PASS">
          <reporter-output>
          </reporter-output>
        </test-method> <!-- initialize -->
        <test-method signature="basePageNavigation(java.lang.String, java.lang.String)[pri:0, instance:Academy.HomePage@37efd131]" started-at="2021-04-10T08:10:54 IST" name="basePageNavigation" data-provider="getData" finished-at="2021-04-10T08:11:15 IST" duration-ms="20802" status="PASS">
          <params>
            <param index="0">
              <value>
                <![CDATA[nonrestricteduser@qw.com]]>
              </value>
            </param>
            <param index="1">
              <value>
                <![CDATA[12345]]>
              </value>
            </param>
          </params>
          <reporter-output>
          </reporter-output>
        </test-method> <!-- basePageNavigation -->
        <test-method signature="basePageNavigation(java.lang.String, java.lang.String)[pri:0, instance:Academy.HomePage@37efd131]" started-at="2021-04-10T08:11:15 IST" name="basePageNavigation" data-provider="getData" finished-at="2021-04-10T08:11:23 IST" duration-ms="7932" status="PASS">
          <params>
            <param index="0">
              <value>
                <![CDATA[restricteduser@qw.com]]>
              </value>
            </param>
            <param index="1">
              <value>
                <![CDATA[67890]]>
              </value>
            </param>
          </params>
          <reporter-output>
          </reporter-output>
        </test-method> <!-- basePageNavigation -->
        <test-method is-config="true" signature="teardown()[pri:0, instance:Academy.HomePage@37efd131]" started-at="2021-04-10T08:11:23 IST" name="teardown" finished-at="2021-04-10T08:11:24 IST" duration-ms="660" status="PASS">
          <reporter-output>
          </reporter-output>
        </test-method> <!-- teardown -->
      </class> <!-- Academy.HomePage -->
    </test> <!-- Default test -->
  </suite> <!-- Default suite -->
</testng-results>
